[04:53:27] [ServerMain/INFO]: Environment: Environment[sessionHost=https://sessionserver.mojang.com, servicesHost=https://api.minecraftservices.com, name=PROD]
[04:53:28] [ServerMain/INFO]: Loaded 1175 recipes
[04:53:28] [ServerMain/INFO]: Loaded 1276 advancements
[04:53:29] [Server thread/INFO]: Starting minecraft server version 1.20.6
[04:53:29] [Server thread/INFO]: Loading properties
[04:53:29] [Server thread/INFO]: Default game type: SURVIVAL
[04:53:29] [Server thread/INFO]: Generating keypair
[04:53:29] [Server thread/INFO]: Starting Minecraft server on *:25565
[04:53:29] [Server thread/INFO]: Using epoll channel type
[04:53:29] [Server thread/WARN]: **** SERVER IS RUNNING IN OFFLINE/INSECURE MODE!
[04:53:29] [Server thread/WARN]: The server will make no attempt to authenticate usernames. Beware.
[04:53:29] [Server thread/WARN]: While this makes the game possible to play without internet access, it also opens up the ability for hackers to connect with any username they choose.
[04:53:29] [Server thread/WARN]: To change this, set "online-mode" to "true" in the server.properties file.
[04:53:29] [Server thread/INFO]: Preparing level "world"
[04:53:32] [Server thread/INFO]: Preparing start region for dimension minecraft:overworld
[04:53:33] [Worker-Main-1/INFO]: Preparing spawn area: 0%
[04:53:33] [Worker-Main-3/INFO]: Preparing spawn area: 0%
[04:53:33] [Worker-Main-1/INFO]: Preparing spawn area: 0%
[04:53:33] [Server thread/INFO]: Time elapsed: 1237 ms
[04:53:33] [Server thread/INFO]: Done (4.018s)! For help, type "help"
[04:54:39] [Server thread/INFO]: tokyo9633[/127.209.120.4:60357] logged in with entity id 5 at (171.5, 64.0, 203.5)
[04:54:40] [Server thread/INFO]: tokyo9633 joined the game
[05:21:44] [Server thread/INFO]: tokyo9633 lost connection: Disconnected
[05:21:44] [Server thread/INFO]: tokyo9633 left the game
[05:21:53] [Server thread/INFO]: Stopping the server
[05:21:53] [Server thread/INFO]: Stopping server
[05:21:53] [Server thread/INFO]: Saving players
[05:21:53] [Server thread/INFO]: Saving worlds
[05:21:54] [Server thread/INFO]: Saving chunks for level 'ServerLevel[world]'/minecraft:overworld
[05:21:54] [Server thread/INFO]: Saving chunks for level 'ServerLevel[world]'/minecraft:the_end
[05:21:54] [Server thread/INFO]: Saving chunks for level 'ServerLevel[world]'/minecraft:the_nether
[05:21:54] [Server thread/INFO]: ThreadedAnvilChunkStorage (world): All chunks are saved
[05:21:54] [Server thread/INFO]: ThreadedAnvilChunkStorage (DIM1): All chunks are saved
[05:21:54] [Server thread/INFO]: ThreadedAnvilChunkStorage (DIM-1): All chunks are saved
[05:21:54] [Server thread/INFO]: ThreadedAnvilChunkStorage: All dimensions are saved
